#
# A fatal error has been detected by the Java Runtime Environment:
#
#  EXCEPTION_ACCESS_VIOLATION (0xc0000005) at pc=0x6d1671e0, pid=4688, tid=1004
#
# JRE version: 6.0_29-b11
# Java VM: Java HotSpot(TM) Client VM (20.4-b02 mixed mode, sharing windows-x86 )
# Problematic frame:
# C  [awt.dll+0xb71e0]
#
# If you would like to submit a bug report, please visit:
#   http://java.sun.com/webapps/bugreport/crash.jsp
# The crash happened outside the Java Virtual Machine in native code.
# See problematic frame for where to report the bug.
#

---------------  T H R E A D  ---------------

Current thread (0x039e5400):  JavaThread "AWT-Windows" daemon [_thread_in_native, id=1004, stack(0x03e30000,0x03e80000)]

siginfo: ExceptionCode=0xc0000005, reading address 0x00000000

Registers:
EAX=0x03e7f7b0, EBX=0x03a52560, ECX=0x000003ba, EDX=0x000000c0
ESP=0x03e7f798, EBP=0x03e7f908, ESI=0x00000000, EDI=0x000000c0
EIP=0x6d1671e0, EFLAGS=0x00010216

Top of Stack: (sp=0x03e7f798)
0x03e7f798:   03e7f7b0 00001000 00000000 03a27160
0x03e7f7a8:   03a27100 00000556 000002c2 6d15f6cc
0x03e7f7b8:   00000000 014dcff8 03a32cd8 03a27160
0x03e7f7c8:   6d163e43 00000000 00009825 039e5528
0x03e7f7d8:   00000001 00000556 0000980d 03a27944
0x03e7f7e8:   00000556 00000000 00000000 039e5528
0x03e7f7f8:   014a6188 03e7f834 00000000 00000000
0x03e7f808:   00000000 03e7f820 100012c0 0087c658 

Instructions: (pc=0x6d1671e0)
0x6d1671c0:   d8 56 8b b3 10 a0 00 00 1b c0 57 25 00 f0 ff ff
0x6d1671d0:   05 00 20 00 00 50 c1 e2 05 8d 44 24 14 50 8b fa
0x6d1671e0:   8b 16 57 c1 e1 05 51 56 ff 52 2c 85 c0 0f 8c 93
0x6d1671f0:   00 00 00 8b 53 04 8b cf 8b 7c 24 10 8b c1 c1 e9 


Register to memory mapping:

EAX=0x03e7f7b0 is pointing into the stack for thread: 0x039e5400
EBX=0x03a52560 is an unknown value
ECX=0x000003ba is an unknown value
EDX=0x000000c0 is an unknown value
ESP=0x03e7f798 is pointing into the stack for thread: 0x039e5400
EBP=0x03e7f908 is pointing into the stack for thread: 0x039e5400
ESI=0x00000000 is an unknown value
EDI=0x000000c0 is an unknown value


Stack: [0x03e30000,0x03e80000],  sp=0x03e7f798,  free space=317k
Native frames: (J=compiled Java code, j=interpreted, Vv=VM code, C=native code)
C  [awt.dll+0xb71e0]  D3DVertexCacher::Render+0x50
C  [awt.dll+0x9ce6a]  Java_sun_awt_windows_WToolkit_loadSystemColors+0x94a
C  [USER32.dll+0x186ef]  IsThreadDesktopComposited+0x11f
C  [USER32.dll+0x18876]  IsThreadDesktopComposited+0x2a6
C  [USER32.dll+0x170f4]  InflateRect+0x74
C  [USER32.dll+0x1738f]  DefWindowProcW+0x144
C  [ntdll.dll+0x4627e]  KiUserCallbackDispatcher+0x2e
C  [USER32.dll+0x192a9]  PeekMessageW+0xf4

Java frames: (J=compiled Java code, j=interpreted, Vv=VM code)
j  sun.awt.windows.WToolkit.eventLoop()V+0
j  sun.awt.windows.WToolkit.run()V+52
j  java.lang.Thread.run()V+11
v  ~StubRoutines::call_stub

---------------  P R O C E S S  ---------------

Java Threads: ( => current thread )
  0x0398f800 JavaThread "MySQL Statement Cancellation Timer" daemon [_thread_blocked, id=2936, stack(0x03f60000,0x03fb0000)]
  0x03b61c00 JavaThread "TimerQueue" daemon [_thread_blocked, id=5788, stack(0x073f0000,0x07440000)]
  0x03b4e800 JavaThread "D3D Screen Updater" daemon [_thread_blocked, id=5804, stack(0x062d0000,0x06320000)]
  0x0083f800 JavaThread "DestroyJavaVM" [_thread_blocked, id=4880, stack(0x00250000,0x002a0000)]
  0x03b32800 JavaThread "AWT-EventQueue-0" [_thread_in_native, id=4152, stack(0x06280000,0x062d0000)]
=>0x039e5400 JavaThread "AWT-Windows" daemon [_thread_in_native, id=1004, stack(0x03e30000,0x03e80000)]
  0x039e4c00 JavaThread "AWT-Shutdown" [_thread_blocked, id=500, stack(0x03de0000,0x03e30000)]
  0x039e2400 JavaThread "Java2D Disposer" daemon [_thread_blocked, id=2956, stack(0x03d90000,0x03de0000)]
  0x014be800 JavaThread "Low Memory Detector" daemon [_thread_blocked, id=5620, stack(0x038e0000,0x03930000)]
  0x014af800 JavaThread "C1 CompilerThread0" daemon [_thread_blocked, id=2432, stack(0x03890000,0x038e0000)]
  0x014ae800 JavaThread "Attach Listener" daemon [_thread_blocked, id=3404, stack(0x03840000,0x03890000)]
  0x014ab800 JavaThread "Signal Dispatcher" daemon [_thread_blocked, id=4744, stack(0x037f0000,0x03840000)]
  0x014a4800 JavaThread "Finalizer" daemon [_thread_blocked, id=5812, stack(0x037a0000,0x037f0000)]
  0x014a2c00 JavaThread "Reference Handler" daemon [_thread_blocked, id=5140, stack(0x03750000,0x037a0000)]

Other Threads:
  0x01467000 VMThread [stack: 0x03700000,0x03750000] [id=5260]
  0x014e1800 WatcherThread [stack: 0x03930000,0x03980000] [id=3672]

VM state:not at safepoint (normal execution)

VM Mutex/Monitor currently owned by a thread: None

Heap
 def new generation   total 4928K, used 4773K [0x23ae0000, 0x24030000, 0x29030000)
  eden space 4416K,  96% used [0x23ae0000, 0x23f094f0, 0x23f30000)
  from space 512K, 100% used [0x23fb0000, 0x24030000, 0x24030000)
  to   space 512K,   0% used [0x23f30000, 0x23f30000, 0x23fb0000)
 tenured generation   total 10944K, used 3945K [0x29030000, 0x29ae0000, 0x33ae0000)
   the space 10944K,  36% used [0x29030000, 0x2940a670, 0x2940a800, 0x29ae0000)
 compacting perm gen  total 12288K, used 4777K [0x33ae0000, 0x346e0000, 0x37ae0000)
   the space 12288K,  38% used [0x33ae0000, 0x33f8a618, 0x33f8a800, 0x346e0000)
    ro space 10240K,  54% used [0x37ae0000, 0x3805daf0, 0x3805dc00, 0x384e0000)
    rw space 12288K,  55% used [0x384e0000, 0x38b81ce8, 0x38b81e00, 0x390e0000)

Code Cache  [0x01540000, 0x01740000, 0x03540000)
 total_blobs=1292 nmethods=1054 adapters=171 free_code_cache=31466112 largest_free_block=320

Dynamic libraries:
0x00400000 - 0x00424000 	C:\Program Files\Java\jdk1.6.0_29\bin\java.exe
0x77160000 - 0x7729d000 	C:\Windows\SYSTEM32\ntdll.dll
0x76570000 - 0x76644000 	C:\Windows\system32\kernel32.dll
0x74d00000 - 0x74d4a000 	C:\Windows\system32\KERNELBASE.dll
0x75180000 - 0x75220000 	C:\Windows\system32\ADVAPI32.dll
0x75540000 - 0x755ec000 	C:\Windows\system32\msvcrt.dll
0x76250000 - 0x76269000 	C:\Windows\SYSTEM32\sechost.dll
0x74d80000 - 0x74e21000 	C:\Windows\system32\RPCRT4.dll
0x7c340000 - 0x7c396000 	C:\Program Files\Java\jdk1.6.0_29\jre\bin\msvcr71.dll
0x6d8a0000 - 0x6db4f000 	C:\Program Files\Java\jdk1.6.0_29\jre\bin\client\jvm.dll
0x764a0000 - 0x76569000 	C:\Windows\system32\USER32.dll
0x76650000 - 0x7669e000 	C:\Windows\system32\GDI32.dll
0x75530000 - 0x7553a000 	C:\Windows\system32\LPK.dll
0x76790000 - 0x7682d000 	C:\Windows\system32\USP10.dll
0x6fc40000 - 0x6fc72000 	C:\Windows\system32\WINMM.dll
0x76470000 - 0x7648f000 	C:\Windows\system32\IMM32.DLL
0x750b0000 - 0x7517c000 	C:\Windows\system32\MSCTF.dll
0x74980000 - 0x749cb000 	C:\Windows\system32\apphelp.dll
0x6d850000 - 0x6d85c000 	C:\Program Files\Java\jdk1.6.0_29\jre\bin\verify.dll
0x6d3d0000 - 0x6d3ef000 	C:\Program Files\Java\jdk1.6.0_29\jre\bin\java.dll
0x6d890000 - 0x6d89f000 	C:\Program Files\Java\jdk1.6.0_29\jre\bin\zip.dll
0x6d0b0000 - 0x6d1fc000 	C:\Program Files\Java\jdk1.6.0_29\jre\bin\awt.dll
0x6fe20000 - 0x6fe71000 	C:\Windows\system32\WINSPOOL.DRV
0x76830000 - 0x7698c000 	C:\Windows\system32\ole32.dll
0x739e0000 - 0x73b7e000 	C:\Windows\WinSxS\x86_microsoft.windows.common-controls_6595b64144ccf1df_6.0.7600.16661_none_420fe3fa2b8113bd\COMCTL32.dll
0x76410000 - 0x76467000 	C:\Windows\system32\SHLWAPI.dll
0x73530000 - 0x73543000 	C:\Windows\system32\DWMAPI.DLL
0x73860000 - 0x738a0000 	C:\Windows\system32\uxtheme.dll
0x10000000 - 0x1000f000 	C:\Program Files\Yod'm 3D\Yodm3D.dll
0x749d0000 - 0x749dc000 	C:\Windows\system32\CRYPTBASE.dll
0x75600000 - 0x76249000 	C:\Windows\system32\shell32.dll
0x6d2e0000 - 0x6d32f000 	C:\Program Files\Java\jdk1.6.0_29\jre\bin\fontmanager.dll
0x6ed50000 - 0x6ef13000 	C:\Windows\system32\d3d9.dll
0x73f50000 - 0x73f59000 	C:\Windows\system32\VERSION.dll
0x6f840000 - 0x6f846000 	C:\Windows\system32\d3d8thk.dll
0x705a0000 - 0x70cfc000 	C:\Windows\system32\nvd3dum.dll
0x72fc0000 - 0x72fe5000 	C:\Windows\system32\powrprof.dll
0x76270000 - 0x7640d000 	C:\Windows\system32\SETUPAPI.dll
0x74bb0000 - 0x74bd7000 	C:\Windows\system32\CFGMGR32.dll
0x754a0000 - 0x7552f000 	C:\Windows\system32\OLEAUT32.dll
0x74b60000 - 0x74b72000 	C:\Windows\system32\DEVOBJ.dll
0x6d6b0000 - 0x6d6c3000 	C:\Program Files\Java\jdk1.6.0_29\jre\bin\net.dll
0x75360000 - 0x75395000 	C:\Windows\system32\WS2_32.dll
0x76730000 - 0x76736000 	C:\Windows\system32\NSI.dll
0x74490000 - 0x744cc000 	C:\Windows\system32\mswsock.dll
0x74480000 - 0x74486000 	C:\Windows\System32\wship6.dll
0x6d6d0000 - 0x6d6d9000 	C:\Program Files\Java\jdk1.6.0_29\jre\bin\nio.dll
0x6d250000 - 0x6d273000 	C:\Program Files\Java\jdk1.6.0_29\jre\bin\dcpr.dll
0x73fe0000 - 0x73fe5000 	C:\Windows\System32\wshtcpip.dll
0x74350000 - 0x74394000 	C:\Windows\system32\DNSAPI.dll
0x72c90000 - 0x72cac000 	C:\Windows\system32\IPHLPAPI.DLL
0x72c80000 - 0x72c87000 	C:\Windows\system32\WINNSI.DLL
0x71260000 - 0x71266000 	C:\Windows\system32\rasadhlp.dll
0x71720000 - 0x71758000 	C:\Windows\System32\fwpuclnt.dll
0x6d4f0000 - 0x6d515000 	C:\Program Files\Java\jdk1.6.0_29\jre\bin\jpeg.dll
0x76490000 - 0x76495000 	C:\Windows\system32\PSAPI.DLL

VM Arguments:
jvm_args: -Dfile.encoding=UTF-8 
java_command: sistema.Main
Launcher Type: SUN_STANDARD

Environment Variables:
PATH=C:\Windows\system32;C:\Windows;C:\Windows\System32\Wbem;C:\Windows\System32\WindowsPowerShell\v1.0\;C:\Program Files\Common Files\Roxio Shared\DLLShared\;C:\Program Files\Common Files\Roxio Shared\9.0\DLLShared\;
USERNAME=Jamith
OS=Windows_NT
PROCESSOR_IDENTIFIER=x86 Family 16 Model 6 Stepping 2, AuthenticAMD



---------------  S Y S T E M  ---------------

OS: Windows 7 Build 7600 

CPU:total 1 (1 cores per cpu, 1 threads per core) family 16 model 6 stepping 2, cmov, cx8, fxsr, mmx, sse, sse2, sse3, popcnt, mmxext, 3dnow, 3dnowext, lzcnt, sse4a

Memory: 4k page, physical 2063736k(775040k free), swap 4127472k(2164724k free)

vm_info: Java HotSpot(TM) Client VM (20.4-b02) for windows-x86 JRE (1.6.0_29-b11), built on Oct  3 2011 01:01:08 by "java_re" with MS VC++ 7.1 (VS2003)

time: Tue Jul 10 11:36:22 2012
elapsed time: 667 seconds

