#
# A fatal error has been detected by the Java Runtime Environment:
#
#  EXCEPTION_ACCESS_VIOLATION (0xc0000005) at pc=0x6d1671e0, pid=5928, tid=4352
#
# JRE version: 6.0_29-b11
# Java VM: Java HotSpot(TM) Client VM (20.4-b02 mixed mode, sharing windows-x86 )
# Problematic frame:
# C  [awt.dll+0xb71e0]
#
# If you would like to submit a bug report, please visit:
#   http://java.sun.com/webapps/bugreport/crash.jsp
# The crash happened outside the Java Virtual Machine in native code.
# See problematic frame for where to report the bug.
#

---------------  T H R E A D  ---------------

Current thread (0x03df2800):  JavaThread "AWT-Windows" daemon [_thread_in_native, id=4352, stack(0x04240000,0x04290000)]

siginfo: ExceptionCode=0xc0000005, reading address 0x00000000

Registers:
EAX=0x0428f774, EBX=0x03e308e0, ECX=0x000003e6, EDX=0x00000180
ESP=0x0428f75c, EBP=0x0428f908, ESI=0x00000000, EDI=0x00000180
EIP=0x6d1671e0, EFLAGS=0x00010212

Top of Stack: (sp=0x0428f75c)
0x0428f75c:   0428f774 00001000 00000177 03e09440
0x0428f76c:   0000007f 00000199 03e09440 6d15f40b
0x0428f77c:   00000000 03df32b8 03e09440 03e09440
0x0428f78c:   0428f76c 0428f908 000000d2 00000199
0x0428f79c:   03e09440 6d162dcf 43cc8000 43520000
0x0428f7ac:   00000199 000000d2 03df32a4 6d163891
0x0428f7bc:   6d163d2d 0000006b 00000015 00000177
0x0428f7cc:   0000007f 00009825 03df2928 00000001 

Instructions: (pc=0x6d1671e0)
0x6d1671c0:   d8 56 8b b3 10 a0 00 00 1b c0 57 25 00 f0 ff ff
0x6d1671d0:   05 00 20 00 00 50 c1 e2 05 8d 44 24 14 50 8b fa
0x6d1671e0:   8b 16 57 c1 e1 05 51 56 ff 52 2c 85 c0 0f 8c 93
0x6d1671f0:   00 00 00 8b 53 04 8b cf 8b 7c 24 10 8b c1 c1 e9 


Register to memory mapping:

EAX=0x0428f774 is pointing into the stack for thread: 0x03df2800
EBX=0x03e308e0 is an unknown value
ECX=0x000003e6 is an unknown value
EDX=0x00000180 is an unknown value
ESP=0x0428f75c is pointing into the stack for thread: 0x03df2800
EBP=0x0428f908 is pointing into the stack for thread: 0x03df2800
ESI=0x00000000 is an unknown value
EDI=0x00000180 is an unknown value


Stack: [0x04240000,0x04290000],  sp=0x0428f75c,  free space=317k
Native frames: (J=compiled Java code, j=interpreted, Vv=VM code, C=native code)
C  [awt.dll+0xb71e0]  D3DVertexCacher::Render+0x50
C  [awt.dll+0x9ce6a]  Java_sun_awt_windows_WToolkit_loadSystemColors+0x94a
C  [USER32.dll+0x186ef]  IsThreadDesktopComposited+0x11f
C  [USER32.dll+0x18876]  IsThreadDesktopComposited+0x2a6
C  [USER32.dll+0x170f4]  InflateRect+0x74
C  [USER32.dll+0x1738f]  DefWindowProcW+0x144
C  [ntdll.dll+0x4627e]  KiUserCallbackDispatcher+0x2e
C  [USER32.dll+0x192a9]  PeekMessageW+0xf4

Java frames: (J=compiled Java code, j=interpreted, Vv=VM code)
j  sun.awt.windows.WToolkit.eventLoop()V+0
j  sun.awt.windows.WToolkit.run()V+52
j  java.lang.Thread.run()V+11
v  ~StubRoutines::call_stub

---------------  P R O C E S S  ---------------

Java Threads: ( => current thread )
  0x03f37c00 JavaThread "TimerQueue" daemon [_thread_blocked, id=5620, stack(0x07c00000,0x07c50000)]
  0x001ff800 JavaThread "DestroyJavaVM" [_thread_blocked, id=2656, stack(0x017f0000,0x01840000)]
  0x03f2f400 JavaThread "D3D Screen Updater" daemon [_thread_blocked, id=4616, stack(0x06b30000,0x06b80000)]
  0x03f0b800 JavaThread "AWT-EventQueue-0" [_thread_in_native, id=5052, stack(0x069f0000,0x06a40000)]
=>0x03df2800 JavaThread "AWT-Windows" daemon [_thread_in_native, id=4352, stack(0x04240000,0x04290000)]
  0x03df0000 JavaThread "AWT-Shutdown" [_thread_blocked, id=3476, stack(0x041f0000,0x04240000)]
  0x03da9800 JavaThread "Java2D Disposer" daemon [_thread_blocked, id=4852, stack(0x04080000,0x040d0000)]
  0x018be800 JavaThread "Low Memory Detector" daemon [_thread_blocked, id=284, stack(0x03cb0000,0x03d00000)]
  0x018afc00 JavaThread "C1 CompilerThread0" daemon [_thread_blocked, id=5328, stack(0x03c60000,0x03cb0000)]
  0x018ae800 JavaThread "Attach Listener" daemon [_thread_blocked, id=3844, stack(0x03c10000,0x03c60000)]
  0x018ab800 JavaThread "Signal Dispatcher" daemon [_thread_blocked, id=5596, stack(0x03bc0000,0x03c10000)]
  0x018a4800 JavaThread "Finalizer" daemon [_thread_blocked, id=4636, stack(0x03b70000,0x03bc0000)]
  0x018a2c00 JavaThread "Reference Handler" daemon [_thread_blocked, id=4324, stack(0x03b20000,0x03b70000)]

Other Threads:
  0x01867400 VMThread [stack: 0x03ad0000,0x03b20000] [id=5236]
  0x018e1800 WatcherThread [stack: 0x03d00000,0x03d50000] [id=2864]

VM state:not at safepoint (normal execution)

VM Mutex/Monitor currently owned by a thread: None

Heap
 def new generation   total 4928K, used 2603K [0x23ae0000, 0x24030000, 0x29030000)
  eden space 4416K,  58% used [0x23ae0000, 0x23d6af08, 0x23f30000)
  from space 512K,   0% used [0x23f30000, 0x23f30000, 0x23fb0000)
  to   space 512K,   0% used [0x23fb0000, 0x23fb0000, 0x24030000)
 tenured generation   total 10944K, used 0K [0x29030000, 0x29ae0000, 0x33ae0000)
   the space 10944K,   0% used [0x29030000, 0x29030000, 0x29030200, 0x29ae0000)
 compacting perm gen  total 12288K, used 1055K [0x33ae0000, 0x346e0000, 0x37ae0000)
   the space 12288K,   8% used [0x33ae0000, 0x33be7d88, 0x33be7e00, 0x346e0000)
    ro space 10240K,  54% used [0x37ae0000, 0x3805daf0, 0x3805dc00, 0x384e0000)
    rw space 12288K,  55% used [0x384e0000, 0x38b81ce8, 0x38b81e00, 0x390e0000)

Code Cache  [0x01940000, 0x019e8000, 0x03940000)
 total_blobs=308 nmethods=89 adapters=155 free_code_cache=32869888 largest_free_block=0

Dynamic libraries:
0x00400000 - 0x00424000 	C:\Program Files\Java\jdk1.6.0_29\bin\java.exe
0x77880000 - 0x779bd000 	C:\Windows\SYSTEM32\ntdll.dll
0x759f0000 - 0x75ac4000 	C:\Windows\system32\kernel32.dll
0x75270000 - 0x752ba000 	C:\Windows\system32\KERNELBASE.dll
0x770a0000 - 0x77140000 	C:\Windows\system32\ADVAPI32.dll
0x754d0000 - 0x7557c000 	C:\Windows\system32\msvcrt.dll
0x75900000 - 0x75919000 	C:\Windows\SYSTEM32\sechost.dll
0x75c60000 - 0x75d01000 	C:\Windows\system32\RPCRT4.dll
0x7c340000 - 0x7c396000 	C:\Program Files\Java\jdk1.6.0_29\jre\bin\msvcr71.dll
0x6d8a0000 - 0x6db4f000 	C:\Program Files\Java\jdk1.6.0_29\jre\bin\client\jvm.dll
0x75920000 - 0x759e9000 	C:\Windows\system32\USER32.dll
0x761d0000 - 0x7621e000 	C:\Windows\system32\GDI32.dll
0x75fe0000 - 0x75fea000 	C:\Windows\system32\LPK.dll
0x75720000 - 0x757bd000 	C:\Windows\system32\USP10.dll
0x70a10000 - 0x70a42000 	C:\Windows\system32\WINMM.dll
0x77150000 - 0x7716f000 	C:\Windows\system32\IMM32.DLL
0x75ad0000 - 0x75b9c000 	C:\Windows\system32\MSCTF.dll
0x75100000 - 0x7514b000 	C:\Windows\system32\apphelp.dll
0x6d850000 - 0x6d85c000 	C:\Program Files\Java\jdk1.6.0_29\jre\bin\verify.dll
0x6d3d0000 - 0x6d3ef000 	C:\Program Files\Java\jdk1.6.0_29\jre\bin\java.dll
0x6d890000 - 0x6d89f000 	C:\Program Files\Java\jdk1.6.0_29\jre\bin\zip.dll
0x6d0b0000 - 0x6d1fc000 	C:\Program Files\Java\jdk1.6.0_29\jre\bin\awt.dll
0x725f0000 - 0x72641000 	C:\Windows\system32\WINSPOOL.DRV
0x75ff0000 - 0x7614c000 	C:\Windows\system32\ole32.dll
0x74160000 - 0x742fe000 	C:\Windows\WinSxS\x86_microsoft.windows.common-controls_6595b64144ccf1df_6.0.7600.16661_none_420fe3fa2b8113bd\COMCTL32.dll
0x75d70000 - 0x75dc7000 	C:\Windows\system32\SHLWAPI.dll
0x73cb0000 - 0x73cc3000 	C:\Windows\system32\DWMAPI.DLL
0x73fe0000 - 0x74020000 	C:\Windows\system32\uxtheme.dll
0x6d2e0000 - 0x6d32f000 	C:\Program Files\Java\jdk1.6.0_29\jre\bin\fontmanager.dll
0x10000000 - 0x1008c000 	C:\Program Files\RelevantKnowledge\rlls.dll
0x76e80000 - 0x76eb5000 	C:\Windows\system32\WS2_32.dll
0x76e70000 - 0x76e76000 	C:\Windows\system32\NSI.dll
0x738b0000 - 0x738ec000 	C:\Windows\system32\OLEACC.dll
0x76fa0000 - 0x77095000 	C:\Windows\system32\WININET.dll
0x757c0000 - 0x758f6000 	C:\Windows\system32\urlmon.dll
0x75ba0000 - 0x75c2f000 	C:\Windows\system32\OLEAUT32.dll
0x753b0000 - 0x754cc000 	C:\Windows\system32\CRYPT32.dll
0x75240000 - 0x7524c000 	C:\Windows\system32\MSASN1.dll
0x75de0000 - 0x75fdd000 	C:\Windows\system32\iertutil.dll
0x77140000 - 0x77145000 	C:\Windows\system32\PSAPI.DLL
0x746d0000 - 0x746d9000 	C:\Windows\system32\VERSION.dll
0x73700000 - 0x73721000 	C:\Windows\system32\ntmarta.dll
0x76f50000 - 0x76f95000 	C:\Windows\system32\WLDAP32.dll
0x74a60000 - 0x74a9a000 	C:\Windows\system32\Schannel.dll
0x750e0000 - 0x750fa000 	C:\Windows\system32\SspiCli.dll
0x75150000 - 0x7515c000 	C:\Windows\system32\CRYPTBASE.dll
0x6a5f0000 - 0x6a7b3000 	C:\Windows\system32\d3d9.dll
0x71480000 - 0x71486000 	C:\Windows\system32\d3d8thk.dll
0x70d20000 - 0x7147c000 	C:\Windows\system32\nvd3dum.dll
0x737e0000 - 0x73805000 	C:\Windows\system32\powrprof.dll
0x75580000 - 0x7571d000 	C:\Windows\system32\SETUPAPI.dll
0x752c0000 - 0x752e7000 	C:\Windows\system32\CFGMGR32.dll
0x75250000 - 0x75262000 	C:\Windows\system32\DEVOBJ.dll
0x76220000 - 0x76e69000 	C:\Windows\system32\shell32.dll
0x6d6b0000 - 0x6d6c3000 	C:\Program Files\Java\jdk1.6.0_29\jre\bin\net.dll
0x74c10000 - 0x74c4c000 	C:\Windows\system32\mswsock.dll
0x74c00000 - 0x74c06000 	C:\Windows\System32\wship6.dll
0x6d6d0000 - 0x6d6d9000 	C:\Program Files\Java\jdk1.6.0_29\jre\bin\nio.dll
0x6d250000 - 0x6d273000 	C:\Program Files\Java\jdk1.6.0_29\jre\bin\dcpr.dll

VM Arguments:
jvm_args: -Dfile.encoding=UTF-8 
java_command: sistema.Main
Launcher Type: SUN_STANDARD

Environment Variables:
PATH=C:\Windows\system32;C:\Windows;C:\Windows\System32\Wbem;C:\Windows\System32\WindowsPowerShell\v1.0\;C:\Program Files\Common Files\Roxio Shared\DLLShared\;C:\Program Files\Common Files\Roxio Shared\9.0\DLLShared\;;C:\Program Files\Common Files\Nero\Lib\;C:\Program Files\Common Files\Nero\Lib\
USERNAME=Jamith
OS=Windows_NT
PROCESSOR_IDENTIFIER=x86 Family 16 Model 6 Stepping 2, AuthenticAMD



---------------  S Y S T E M  ---------------

OS: Windows 7 Build 7600 

CPU:total 1 (1 cores per cpu, 1 threads per core) family 16 model 6 stepping 2, cmov, cx8, fxsr, mmx, sse, sse2, sse3, popcnt, mmxext, 3dnow, 3dnowext, lzcnt, sse4a

Memory: 4k page, physical 2063736k(971508k free), swap 4127472k(2594740k free)

vm_info: Java HotSpot(TM) Client VM (20.4-b02) for windows-x86 JRE (1.6.0_29-b11), built on Oct  3 2011 01:01:08 by "java_re" with MS VC++ 7.1 (VS2003)

time: Sat Feb 18 23:18:00 2012
elapsed time: 9 seconds

