#
# A fatal error has been detected by the Java Runtime Environment:
#
#  EXCEPTION_ACCESS_VIOLATION (0xc0000005) at pc=0x6d1671e0, pid=5504, tid=4204
#
# JRE version: 6.0_29-b11
# Java VM: Java HotSpot(TM) Client VM (20.4-b02 mixed mode, sharing windows-x86 )
# Problematic frame:
# C  [awt.dll+0xb71e0]
#
# If you would like to submit a bug report, please visit:
#   http://java.sun.com/webapps/bugreport/crash.jsp
# The crash happened outside the Java Virtual Machine in native code.
# See problematic frame for where to report the bug.
#

---------------  T H R E A D  ---------------

Current thread (0x03d91800):  JavaThread "AWT-Windows" daemon [_thread_in_native, id=4204, stack(0x041c0000,0x04210000)]

siginfo: ExceptionCode=0xc0000005, reading address 0x00000000

Registers:
EAX=0x0420f7bc, EBX=0x03dc7fb0, ECX=0x00000312, EDX=0x000000c0
ESP=0x0420f7a4, EBP=0x0420f908, ESI=0x00000000, EDI=0x000000c0
EIP=0x6d1671e0, EFLAGS=0x00010216

Top of Stack: (sp=0x0420f7a4)
0x0420f7a4:   0420f7bc 00001000 00000000 03db2db8
0x0420f7b4:   000002c2 6d163891 00000000 6d15e66b
0x0420f7c4:   00000000 03d92000 6d164381 00009825
0x0420f7d4:   03d91928 00000001 00000556 fffffffe
0x0420f7e4:   73c94737 00000556 00000000 0000980d
0x0420f7f4:   03d91928 00c76138 0000980d 00000000
0x0420f804:   00000000 0420f860 0000980d 0420f820
0x0420f814:   0420f83c 751b98d8 73c94737 0420f888 

Instructions: (pc=0x6d1671e0)
0x6d1671c0:   d8 56 8b b3 10 a0 00 00 1b c0 57 25 00 f0 ff ff
0x6d1671d0:   05 00 20 00 00 50 c1 e2 05 8d 44 24 14 50 8b fa
0x6d1671e0:   8b 16 57 c1 e1 05 51 56 ff 52 2c 85 c0 0f 8c 93
0x6d1671f0:   00 00 00 8b 53 04 8b cf 8b 7c 24 10 8b c1 c1 e9 


Register to memory mapping:

EAX=0x0420f7bc is pointing into the stack for thread: 0x03d91800
EBX=0x03dc7fb0 is an unknown value
ECX=0x00000312 is an unknown value
EDX=0x000000c0 is an unknown value
ESP=0x0420f7a4 is pointing into the stack for thread: 0x03d91800
EBP=0x0420f908 is pointing into the stack for thread: 0x03d91800
ESI=0x00000000 is an unknown value
EDI=0x000000c0 is an unknown value


Stack: [0x041c0000,0x04210000],  sp=0x0420f7a4,  free space=317k
Native frames: (J=compiled Java code, j=interpreted, Vv=VM code, C=native code)
C  [awt.dll+0xb71e0]  D3DVertexCacher::Render+0x50
C  [awt.dll+0x9ce6a]  Java_sun_awt_windows_WToolkit_loadSystemColors+0x94a
C  [USER32.dll+0x186ef]  IsThreadDesktopComposited+0x11f
C  [USER32.dll+0x18876]  IsThreadDesktopComposited+0x2a6
C  [USER32.dll+0x170f4]  InflateRect+0x74
C  [USER32.dll+0x1738f]  DefWindowProcW+0x144
C  [ntdll.dll+0x4627e]  KiUserCallbackDispatcher+0x2e
C  [USER32.dll+0x192a9]  PeekMessageW+0xf4

Java frames: (J=compiled Java code, j=interpreted, Vv=VM code)
j  sun.awt.windows.WToolkit.eventLoop()V+0
j  sun.awt.windows.WToolkit.run()V+52
j  java.lang.Thread.run()V+11
v  ~StubRoutines::call_stub

---------------  P R O C E S S  ---------------

Java Threads: ( => current thread )
  0x0772d400 JavaThread "TimerQueue" daemon [_thread_blocked, id=5656, stack(0x07b90000,0x07be0000)]
  0x07705400 JavaThread "MySQL Statement Cancellation Timer" daemon [_thread_blocked, id=4956, stack(0x073f0000,0x07440000)]
  0x03eaf800 JavaThread "D3D Screen Updater" daemon [_thread_blocked, id=5680, stack(0x06cd0000,0x06d20000)]
  0x00d8f800 JavaThread "DestroyJavaVM" [_thread_blocked, id=4688, stack(0x00380000,0x003d0000)]
  0x03ea0400 JavaThread "AWT-EventQueue-0" [_thread_in_native, id=5896, stack(0x062a0000,0x062f0000)]
=>0x03d91800 JavaThread "AWT-Windows" daemon [_thread_in_native, id=4204, stack(0x041c0000,0x04210000)]
  0x03d91000 JavaThread "AWT-Shutdown" [_thread_blocked, id=6036, stack(0x03f60000,0x03fb0000)]
  0x03d4c000 JavaThread "Java2D Disposer" daemon [_thread_blocked, id=3500, stack(0x03f10000,0x03f60000)]
  0x00c90400 JavaThread "Low Memory Detector" daemon [_thread_blocked, id=2064, stack(0x03c50000,0x03ca0000)]
  0x00c81800 JavaThread "C1 CompilerThread0" daemon [_thread_blocked, id=5212, stack(0x03c00000,0x03c50000)]
  0x00c80800 JavaThread "Attach Listener" daemon [_thread_blocked, id=5040, stack(0x03bb0000,0x03c00000)]
  0x00c7d800 JavaThread "Signal Dispatcher" daemon [_thread_blocked, id=2228, stack(0x03b60000,0x03bb0000)]
  0x00c74800 JavaThread "Finalizer" daemon [_thread_blocked, id=4880, stack(0x03b10000,0x03b60000)]
  0x00c72c00 JavaThread "Reference Handler" daemon [_thread_blocked, id=2508, stack(0x03ac0000,0x03b10000)]

Other Threads:
  0x00c37000 VMThread [stack: 0x00d30000,0x00d80000] [id=4072]
  0x00cb3800 WatcherThread [stack: 0x03ca0000,0x03cf0000] [id=3744]

VM state:not at safepoint (normal execution)

VM Mutex/Monitor currently owned by a thread: None

Heap
 def new generation   total 4992K, used 2486K [0x23ae0000, 0x24040000, 0x29030000)
  eden space 4480K,  44% used [0x23ae0000, 0x23ccdbd8, 0x23f40000)
  from space 512K, 100% used [0x23f40000, 0x23fc0000, 0x23fc0000)
  to   space 512K,   0% used [0x23fc0000, 0x23fc0000, 0x24040000)
 tenured generation   total 10944K, used 9436K [0x29030000, 0x29ae0000, 0x33ae0000)
   the space 10944K,  86% used [0x29030000, 0x29967128, 0x29967200, 0x29ae0000)
 compacting perm gen  total 12288K, used 4691K [0x33ae0000, 0x346e0000, 0x37ae0000)
   the space 12288K,  38% used [0x33ae0000, 0x33f74d50, 0x33f74e00, 0x346e0000)
    ro space 10240K,  54% used [0x37ae0000, 0x3805daf0, 0x3805dc00, 0x384e0000)
    rw space 12288K,  55% used [0x384e0000, 0x38b81ce8, 0x38b81e00, 0x390e0000)

Code Cache  [0x01990000, 0x01c90000, 0x03990000)
 total_blobs=1829 nmethods=1590 adapters=172 free_code_cache=30428800 largest_free_block=128

Dynamic libraries:
0x00400000 - 0x00424000 	C:\Program Files\Java\jdk1.6.0_29\bin\java.exe
0x77380000 - 0x774bd000 	C:\Windows\SYSTEM32\ntdll.dll
0x75af0000 - 0x75bc4000 	C:\Windows\system32\kernel32.dll
0x74da0000 - 0x74dea000 	C:\Windows\system32\KERNELBASE.dll
0x75bd0000 - 0x75c70000 	C:\Windows\system32\ADVAPI32.dll
0x75490000 - 0x7553c000 	C:\Windows\system32\msvcrt.dll
0x75c70000 - 0x75c89000 	C:\Windows\SYSTEM32\sechost.dll
0x75220000 - 0x752c1000 	C:\Windows\system32\RPCRT4.dll
0x7c340000 - 0x7c396000 	C:\Program Files\Java\jdk1.6.0_29\jre\bin\msvcr71.dll
0x6d8a0000 - 0x6db4f000 	C:\Program Files\Java\jdk1.6.0_29\jre\bin\client\jvm.dll
0x75150000 - 0x75219000 	C:\Windows\system32\USER32.dll
0x75d40000 - 0x75d8e000 	C:\Windows\system32\GDI32.dll
0x75c90000 - 0x75c9a000 	C:\Windows\system32\LPK.dll
0x75ca0000 - 0x75d3d000 	C:\Windows\system32\USP10.dll
0x6f520000 - 0x6f552000 	C:\Windows\system32\WINMM.dll
0x74fd0000 - 0x74fef000 	C:\Windows\system32\IMM32.DLL
0x75a10000 - 0x75adc000 	C:\Windows\system32\MSCTF.dll
0x74c00000 - 0x74c4b000 	C:\Windows\system32\apphelp.dll
0x6d850000 - 0x6d85c000 	C:\Program Files\Java\jdk1.6.0_29\jre\bin\verify.dll
0x6d3d0000 - 0x6d3ef000 	C:\Program Files\Java\jdk1.6.0_29\jre\bin\java.dll
0x6d890000 - 0x6d89f000 	C:\Program Files\Java\jdk1.6.0_29\jre\bin\zip.dll
0x6d0b0000 - 0x6d1fc000 	C:\Program Files\Java\jdk1.6.0_29\jre\bin\awt.dll
0x6f310000 - 0x6f361000 	C:\Windows\system32\WINSPOOL.DRV
0x74ff0000 - 0x7514c000 	C:\Windows\system32\ole32.dll
0x73c60000 - 0x73dfe000 	C:\Windows\WinSxS\x86_microsoft.windows.common-controls_6595b64144ccf1df_6.0.7600.16661_none_420fe3fa2b8113bd\COMCTL32.dll
0x75430000 - 0x75487000 	C:\Windows\system32\SHLWAPI.dll
0x737b0000 - 0x737c3000 	C:\Windows\system32\DWMAPI.DLL
0x73ae0000 - 0x73b20000 	C:\Windows\system32\uxtheme.dll
0x6d2e0000 - 0x6d32f000 	C:\Program Files\Java\jdk1.6.0_29\jre\bin\fontmanager.dll
0x74c50000 - 0x74c5c000 	C:\Windows\system32\CRYPTBASE.dll
0x67f10000 - 0x680d3000 	C:\Windows\system32\d3d9.dll
0x741d0000 - 0x741d9000 	C:\Windows\system32\VERSION.dll
0x6eff0000 - 0x6eff6000 	C:\Windows\system32\d3d8thk.dll
0x70820000 - 0x70f7c000 	C:\Windows\system32\nvd3dum.dll
0x73260000 - 0x73285000 	C:\Windows\system32\powrprof.dll
0x75640000 - 0x757dd000 	C:\Windows\system32\SETUPAPI.dll
0x74d70000 - 0x74d97000 	C:\Windows\system32\CFGMGR32.dll
0x752d0000 - 0x7535f000 	C:\Windows\system32\OLEAUT32.dll
0x74d50000 - 0x74d62000 	C:\Windows\system32\DEVOBJ.dll
0x76020000 - 0x76c69000 	C:\Windows\system32\shell32.dll
0x6d6b0000 - 0x6d6c3000 	C:\Program Files\Java\jdk1.6.0_29\jre\bin\net.dll
0x75970000 - 0x759a5000 	C:\Windows\system32\WS2_32.dll
0x75420000 - 0x75426000 	C:\Windows\system32\NSI.dll
0x74710000 - 0x7474c000 	C:\Windows\system32\mswsock.dll
0x74700000 - 0x74706000 	C:\Windows\System32\wship6.dll
0x6d6d0000 - 0x6d6d9000 	C:\Program Files\Java\jdk1.6.0_29\jre\bin\nio.dll
0x6d250000 - 0x6d273000 	C:\Program Files\Java\jdk1.6.0_29\jre\bin\dcpr.dll
0x74260000 - 0x74265000 	C:\Windows\System32\wshtcpip.dll
0x745d0000 - 0x74614000 	C:\Windows\system32\DNSAPI.dll
0x72d20000 - 0x72d3c000 	C:\Windows\system32\IPHLPAPI.DLL
0x72d00000 - 0x72d07000 	C:\Windows\system32\WINNSI.DLL
0x71410000 - 0x71416000 	C:\Windows\system32\rasadhlp.dll
0x72c00000 - 0x72c38000 	C:\Windows\System32\fwpuclnt.dll
0x6d4f0000 - 0x6d515000 	C:\Program Files\Java\jdk1.6.0_29\jre\bin\jpeg.dll
0x75ae0000 - 0x75ae5000 	C:\Windows\system32\PSAPI.DLL

VM Arguments:
jvm_args: -Dfile.encoding=UTF-8 
java_command: sistema.Main
Launcher Type: SUN_STANDARD

Environment Variables:
PATH=C:\Windows\system32;C:\Windows;C:\Windows\System32\Wbem;C:\Windows\System32\WindowsPowerShell\v1.0\;C:\Program Files\Common Files\Roxio Shared\DLLShared\;C:\Program Files\Common Files\Roxio Shared\9.0\DLLShared\;
USERNAME=Jamith
OS=Windows_NT
PROCESSOR_IDENTIFIER=x86 Family 16 Model 6 Stepping 2, AuthenticAMD



---------------  S Y S T E M  ---------------

OS: Windows 7 Build 7600 

CPU:total 1 (1 cores per cpu, 1 threads per core) family 16 model 6 stepping 2, cmov, cx8, fxsr, mmx, sse, sse2, sse3, popcnt, mmxext, 3dnow, 3dnowext, lzcnt, sse4a

Memory: 4k page, physical 2063736k(709920k free), swap 4127472k(2103848k free)

vm_info: Java HotSpot(TM) Client VM (20.4-b02) for windows-x86 JRE (1.6.0_29-b11), built on Oct  3 2011 01:01:08 by "java_re" with MS VC++ 7.1 (VS2003)

time: Tue Mar 06 21:22:09 2012
elapsed time: 1825 seconds

