#
# A fatal error has been detected by the Java Runtime Environment:
#
#  EXCEPTION_ACCESS_VIOLATION (0xc0000005) at pc=0x6d9a9dac, pid=1228, tid=3608
#
# JRE version: 6.0_19-b04
# Java VM: Java HotSpot(TM) Client VM (16.2-b04 mixed mode, sharing windows-x86 )
# Problematic frame:
# V  [jvm.dll+0xf9dac]
#
# If you would like to submit a bug report, please visit:
#   http://java.sun.com/webapps/bugreport/crash.jsp
#

---------------  T H R E A D  ---------------

Current thread (0x02f55c00):  JavaThread "Java2D Disposer" daemon [_thread_in_vm, id=3608, stack(0x031b0000,0x03200000)]

siginfo: ExceptionCode=0xc0000005, reading address 0x00000000

Registers:
EAX=0x02c56d48, EBX=0x00000000, ECX=0x00000000, EDX=0x031ff858
ESP=0x031ff848, EBP=0x031ff924, ESI=0x02f51ae8, EDI=0x02f55c00
EIP=0x6d9a9dac, EFLAGS=0x00010203

Top of Stack: (sp=0x031ff848)
0x031ff848:   02f55c00 02f55d10 02bc282c 229eb140
0x031ff858:   02c56d48 031ff878 6d8b89fc 00000001
0x031ff868:   229eb140 6d8b8a04 02f55c00 229eb140
0x031ff878:   031ff89c 6d8b8a95 02c56d54 229eb140
0x031ff888:   00000016 00000025 02f55c00 00000016
0x031ff898:   02c56d54 031ff8c0 6da91a2d 031ff8b8
0x031ff8a8:   6da5da90 00000008 000014dd 0000002c
0x031ff8b8:   00366010 6d950132 000014dd 02c56d44 

Instructions: (pc=0x6d9a9dac)
0x6d9a9d9c:   01 8b 4d b0 8b 55 a4 8b 45 f4 89 04 8a ff 45 b0
0x6d9a9dac:   8b 03 8b 48 08 0f b7 51 2a 8b 40 0c 8b 4c 90 24 


Stack: [0x031b0000,0x03200000],  sp=0x031ff848,  free space=13e031ff37ck
Native frames: (J=compiled Java code, j=interpreted, Vv=VM code, C=native code)
V  [jvm.dll+0xf9dac]
V  [jvm.dll+0xfcc07]
C  [awt.dll+0x6c71c]
j  java.awt.Cursor.finalizeImpl(J)V+0
j  java.awt.Cursor.access$000(J)V+1
j  java.awt.Cursor$CursorDisposer.dispose()V+13
j  sun.java2d.Disposer.run()V+26
j  java.lang.Thread.run()V+11
v  ~StubRoutines::call_stub
V  [jvm.dll+0xf049c]
V  [jvm.dll+0x17fcf1]
V  [jvm.dll+0xf0667]
V  [jvm.dll+0xf06dd]
V  [jvm.dll+0x11a2a0]
V  [jvm.dll+0x1ddb14]
V  [jvm.dll+0x17f96c]
C  [msvcr71.dll+0x9565]
C  [kernel32.dll+0xb729]

Java frames: (J=compiled Java code, j=interpreted, Vv=VM code)
j  java.awt.Cursor.finalizeImpl(J)V+0
j  java.awt.Cursor.access$000(J)V+1
j  java.awt.Cursor$CursorDisposer.dispose()V+13
j  sun.java2d.Disposer.run()V+26
j  java.lang.Thread.run()V+11
v  ~StubRoutines::call_stub

---------------  P R O C E S S  ---------------

Java Threads: ( => current thread )
  0x030fc400 JavaThread "MySQL Statement Cancellation Timer" daemon [_thread_blocked, id=1168, stack(0x034d0000,0x03520000)]
  0x030d1400 JavaThread "TimerQueue" daemon [_thread_blocked, id=3604, stack(0x03a50000,0x03aa0000)]
  0x00367400 JavaThread "DestroyJavaVM" [_thread_blocked, id=2844, stack(0x003b0000,0x00400000)]
  0x030aac00 JavaThread "AWT-EventQueue-0" [_thread_blocked, id=2136, stack(0x03570000,0x035c0000)]
  0x02f56c00 JavaThread "AWT-Shutdown" [_thread_blocked, id=3596, stack(0x03200000,0x03250000)]
=>0x02f55c00 JavaThread "Java2D Disposer" daemon [_thread_in_vm, id=3608, stack(0x031b0000,0x03200000)]
  0x02c09800 JavaThread "Low Memory Detector" daemon [_thread_blocked, id=2884, stack(0x02e80000,0x02ed0000)]
  0x02c03000 JavaThread "CompilerThread0" daemon [_thread_blocked, id=2648, stack(0x02e30000,0x02e80000)]
  0x02c01800 JavaThread "Attach Listener" daemon [_thread_blocked, id=3304, stack(0x02de0000,0x02e30000)]
  0x02bc0c00 JavaThread "Finalizer" daemon [_thread_blocked, id=396, stack(0x02d40000,0x02d90000)]
  0x02bbc000 JavaThread "Reference Handler" daemon [_thread_blocked, id=2600, stack(0x02cf0000,0x02d40000)]

Other Threads:
  0x02bbac00 VMThread [stack: 0x02ca0000,0x02cf0000] [id=2784]

VM state:synchronizing (normal execution)

VM Mutex/Monitor currently owned by a thread:  ([mutex/lock_event])
[0x00366488] Threads_lock - owner thread: 0x02bbac00

Heap
 def new generation   total 4928K, used 175K [0x229e0000, 0x22f30000, 0x27f30000)
  eden space 4416K,   2% used [0x229e0000, 0x229f6570, 0x22e30000)
  from space 512K,  16% used [0x22eb0000, 0x22ec59d0, 0x22f30000)
  to   space 512K,   0% used [0x22e30000, 0x22e30000, 0x22eb0000)
 tenured generation   total 10944K, used 10348K [0x27f30000, 0x289e0000, 0x329e0000)
   the space 10944K,  94% used [0x27f30000, 0x2894b030, 0x2894b200, 0x289e0000)
 compacting perm gen  total 14336K, used 14191K [0x329e0000, 0x337e0000, 0x369e0000)
   the space 14336K,  98% used [0x329e0000, 0x337bbe90, 0x337bc000, 0x337e0000)
    ro space 10240K,  54% used [0x369e0000, 0x36f5b760, 0x36f5b800, 0x373e0000)
    rw space 12288K,  55% used [0x373e0000, 0x37a7f798, 0x37a7f800, 0x37fe0000)

Dynamic libraries:
0x00400000 - 0x00424000 	C:\Archivos de programa\Java\jdk1.6.0_19\bin\java.exe
0x7c910000 - 0x7c9c8000 	C:\WINDOWS\system32\ntdll.dll
0x7c800000 - 0x7c903000 	C:\WINDOWS\system32\kernel32.dll
0x64d00000 - 0x64d33000 	C:\Archivos de programa\AVAST Software\Avast\snxhk.dll
0x77da0000 - 0x77e4c000 	C:\WINDOWS\system32\ADVAPI32.dll
0x77e50000 - 0x77ee2000 	C:\WINDOWS\system32\RPCRT4.dll
0x77fc0000 - 0x77fd1000 	C:\WINDOWS\system32\Secur32.dll
0x7c340000 - 0x7c396000 	C:\Archivos de programa\Java\jdk1.6.0_19\jre\bin\msvcr71.dll
0x6d8b0000 - 0x6db47000 	C:\Archivos de programa\Java\jdk1.6.0_19\jre\bin\client\jvm.dll
0x7e390000 - 0x7e421000 	C:\WINDOWS\system32\USER32.dll
0x77ef0000 - 0x77f39000 	C:\WINDOWS\system32\GDI32.dll
0x76b00000 - 0x76b2e000 	C:\WINDOWS\system32\WINMM.dll
0x76340000 - 0x7635d000 	C:\WINDOWS\system32\IMM32.DLL
0x62e30000 - 0x62e39000 	C:\WINDOWS\system32\LPK.DLL
0x74d20000 - 0x74d8b000 	C:\WINDOWS\system32\USP10.dll
0x6d860000 - 0x6d86c000 	C:\Archivos de programa\Java\jdk1.6.0_19\jre\bin\verify.dll
0x6d3e0000 - 0x6d3ff000 	C:\Archivos de programa\Java\jdk1.6.0_19\jre\bin\java.dll
0x6d340000 - 0x6d348000 	C:\Archivos de programa\Java\jdk1.6.0_19\jre\bin\hpi.dll
0x76bb0000 - 0x76bbb000 	C:\WINDOWS\system32\PSAPI.DLL
0x6d8a0000 - 0x6d8af000 	C:\Archivos de programa\Java\jdk1.6.0_19\jre\bin\zip.dll
0x6d0b0000 - 0x6d1fa000 	C:\Archivos de programa\Java\jdk1.6.0_19\jre\bin\awt.dll
0x72f80000 - 0x72fa6000 	C:\WINDOWS\system32\WINSPOOL.DRV
0x77be0000 - 0x77c38000 	C:\WINDOWS\system32\msvcrt.dll
0x774b0000 - 0x775ee000 	C:\WINDOWS\system32\ole32.dll
0x773a0000 - 0x774a3000 	C:\WINDOWS\WinSxS\x86_Microsoft.Windows.Common-Controls_6595b64144ccf1df_6.0.2600.5705_x-ww_36cfed49\COMCTL32.dll
0x77f40000 - 0x77fbc000 	C:\WINDOWS\system32\SHLWAPI.dll
0x5b150000 - 0x5b188000 	C:\WINDOWS\system32\uxtheme.dll
0x10000000 - 0x10012000 	C:\WINDOWS\BricoPacks\Vista Inspirat 2\RocketDock\RocketDock.dll
0x032b0000 - 0x032bf000 	C:\Archivos de programa\Yod'm 3D\Yodm3D.dll
0x032e0000 - 0x032ee000 	C:\WINDOWS\BricoPacks\Vista Inspirat 2\YzShadow\YzShadow.dll
0x746b0000 - 0x746fc000 	C:\WINDOWS\system32\MSCTF.dll
0x03350000 - 0x03361000 	C:\WINDOWS\BricoPacks\Vista Inspirat 2\UberIcon\UberIcon.dll
0x75160000 - 0x7518e000 	C:\WINDOWS\system32\msctfime.ime
0x7e6a0000 - 0x7f2f7000 	C:\WINDOWS\system32\shell32.dll
0x6d2e0000 - 0x6d334000 	C:\Archivos de programa\Java\jdk1.6.0_19\jre\bin\fontmanager.dll
0x6d6c0000 - 0x6d6d3000 	C:\Archivos de programa\Java\jdk1.6.0_19\jre\bin\net.dll
0x71a30000 - 0x71a47000 	C:\WINDOWS\system32\WS2_32.dll
0x71a20000 - 0x71a28000 	C:\WINDOWS\system32\WS2HELP.dll
0x6d6e0000 - 0x6d6e9000 	C:\Archivos de programa\Java\jdk1.6.0_19\jre\bin\nio.dll
0x6d250000 - 0x6d273000 	C:\Archivos de programa\Java\jdk1.6.0_19\jre\bin\dcpr.dll
0x770f0000 - 0x7717b000 	C:\WINDOWS\system32\OLEAUT32.DLL
0x719d0000 - 0x71a10000 	C:\WINDOWS\System32\mswsock.dll
0x76ee0000 - 0x76f07000 	C:\WINDOWS\system32\DNSAPI.dll
0x76d20000 - 0x76d39000 	C:\WINDOWS\system32\iphlpapi.dll
0x76f70000 - 0x76f78000 	C:\WINDOWS\System32\winrnr.dll
0x76f20000 - 0x76f4d000 	C:\WINDOWS\system32\WLDAP32.dll
0x76f80000 - 0x76f86000 	C:\WINDOWS\system32\rasadhlp.dll
0x66740000 - 0x66799000 	C:\WINDOWS\system32\hnetcfg.dll
0x71a10000 - 0x71a18000 	C:\WINDOWS\System32\wshtcpip.dll
0x6d500000 - 0x6d524000 	C:\Archivos de programa\Java\jdk1.6.0_19\jre\bin\jpeg.dll
0x68000000 - 0x68036000 	C:\WINDOWS\system32\rsaenh.dll
0x76630000 - 0x766e5000 	C:\WINDOWS\system32\USERENV.dll
0x597f0000 - 0x59846000 	C:\WINDOWS\system32\netapi32.dll

VM Arguments:
jvm_args: -Dfile.encoding=UTF-8 
java_command: sistema.Main
Launcher Type: SUN_STANDARD

Environment Variables:
CLASSPATH=.;.;C:\ARCHIV~1\JMF21~1.1E\lib\sound.jar;C:\ARCHIV~1\JMF21~1.1E\lib\jmf.jar;C:\ARCHIV~1\JMF21~1.1E\lib;C:\WINDOWS\java\classes;.
PATH=C:\Archivos de programa\Microsoft.NET\FrameworkSDK\Bin\;C:\Archivos de programa\Microsoft Visual Studio .NET\Common7\IDE\;C:\WINDOWS\Microsoft.NET\Framework\v1.0.3705\;C:\Archivos de programa\Microsoft Visual Studio .NET\Vc7\bin\;C:\WINDOWS\system32;C:\WINDOWS;C:\WINDOWS\System32\Wbem;C:\Archivos de programa\QuickTime\QTSystem\;C:\AppServ\Apache2.2\bin;C:\AppServ\php6;C:\AppServ\MySQL\bin
USERNAME=Administrador
OS=Windows_NT
PROCESSOR_IDENTIFIER=x86 Family 16 Model 6 Stepping 2, AuthenticAMD



---------------  S Y S T E M  ---------------

OS: Windows XP Build 2600 Service Pack 3

CPU:total 1 (1 cores per cpu, 1 threads per core) family 16 model 6 stepping 2, cmov, cx8, fxsr, mmx, sse, sse2, sse3, popcnt, mmxext, 3dnow, 3dnowext, lzcnt, sse4a

Memory: 4k page, physical 2063664k(670148k free), swap 4002364k(2775292k free)

vm_info: Java HotSpot(TM) Client VM (16.2-b04) for windows-x86 JRE (1.6.0_19-b04), built on Mar  9 2010 00:48:41 by "java_re" with MS VC++ 7.1 (VS2003)

time: Fri Jul 20 17:07:15 2012
elapsed time: 41 seconds

